16:06:40월230417 yosj@vFed37 ~/git-projects/fedora-sh/bin-original
bin-original $ sh rclone-size.sh 
>>>>>>>>>> rclone-size.sh ||| rclone 사이즈 확인 >>>>>>>>>>
----> rclone lsd kaos1mi: ; rclone size kaos1mi: #-- 
          -1 2022-12-26 13:24:17        -1 kaos-2010
          -1 2022-12-26 13:24:17        -1 kaos-2011
          -1 2022-12-26 13:24:17        -1 kaos-2012
          -1 2022-12-26 13:24:17        -1 kaos-2013
          -1 2022-12-26 13:24:17        -1 kaos-2014
          -1 2022-12-26 13:24:17        -1 zz00logs
Total objects: 40 (40)
Total size: 17.691 GiB (18995713593 Byte)
<---- rclone lsd kaos1mi: ; rclone size kaos1mi: #-- 
----> rclone lsd kaos2mi: ; rclone size kaos2mi: #-- 
          -1 2022-12-26 13:01:48        -1 kaos-2015
          -1 2022-12-26 13:01:49        -1 kaos-2016
          -1 2022-12-26 13:01:49        -1 kaos-2017
          -1 2022-12-26 13:01:49        -1 kaos-2018
          -1 2022-12-26 13:01:56        -1 zz00logs
Total objects: 34 (34)
Total size: 14.379 GiB (15439313162 Byte)
<---- rclone lsd kaos2mi: ; rclone size kaos2mi: #-- 
----> rclone lsd kaos3mi: ; rclone size kaos3mi: #-- 
          -1 2022-12-26 15:48:32        -1 kaos-2019
          -1 2022-12-26 15:48:32        -1 kaos-2020
          -1 2022-12-26 15:48:32        -1 kaos-2021
          -1 2022-12-26 15:48:32        -1 kaos-2022
          -1 2023-01-04 17:21:47        -1 kaos-2023
Total objects: 164 (164)
Total size: 8.984 GiB (9646557060 Byte)
<---- rclone lsd kaos3mi: ; rclone size kaos3mi: #-- 
----> rclone lsd kaos4mi: ; rclone size kaos4mi: #-- 
          -1 2022-12-20 11:55:20        -1 kaos-2010
          -1 2022-12-19 16:43:06        -1 zip-2022-12
          -1 2022-12-08 23:14:22        -1 zip_7z_kaos
Total objects: 57 (57)
Total size: 19.016 GiB (20417873692 Byte)
<---- rclone lsd kaos4mi: ; rclone size kaos4mi: #-- 
----> rclone lsd kaosngc: ; rclone size kaosngc: #-- 
          -1 2023-03-27 22:50:11        -1 db-backup
          -1 2022-11-10 17:23:38        -1 kaos-backup
          -1 2022-08-05 17:09:24        -1 kaos-old-426-440-source.7z
          -1 2023-03-27 08:59:51        -1 kaosdb
          -1 2022-05-26 17:01:18        -1 memo-santa
          -1 2023-03-29 21:35:09        -1 opt
          -1 2022-05-26 11:21:15        -1 source_env-files
          -1 2022-05-26 11:22:15        -1 war-files
Total objects: 369 (369)
Total size: 3.860 GiB (4144538028 Byte)
<---- rclone lsd kaosngc: ; rclone size kaosngc: #-- 
----> rclone lsd swlibgc: ; rclone size swlibgc: #-- 
          -1 2021-02-02 09:24:22        -1 2007-2019 수납발송문서보관
          -1 2022-11-03 15:54:11        -1 2020-2021-올바로신고
          -1 2022-11-02 14:32:43        -1 Allbaro-2020신고
          -1 2022-11-02 14:28:05        -1 Allbaro-2021신고
          -1 2022-08-24 16:24:05        -1 gate242
          -1 2022-08-05 17:04:04        -1 swtr-old-gate242-source.7z
          -1 2022-05-25 15:23:59        -1 올바로 제출자료
          -1 2022-05-25 15:25:35        -1 원장.올바로 엑셀자료
2023/04/17 16:07:20 NOTICE: Google drive root '': Size may be underestimated due to 1 objects with unknown size
Total objects: 2.658k (2658)
Total size: 6.371 GiB (6841310860 Byte)
Total objects with unknown size: 1 (1)
<---- rclone lsd swlibgc: ; rclone size swlibgc: #-- 
----> rclone lsd tpnote1mi: ; rclone size tpnote1mi: #-- 
          -1 2023-02-10 12:21:32        -1 yes24-books
Total objects: 11 (11)
Total size: 18.437 GiB (19796638198 Byte)
<---- rclone lsd tpnote1mi: ; rclone size tpnote1mi: #-- 
----> rclone lsd tpnote2mi: ; rclone size tpnote2mi: #-- 
Total objects: 4 (4)
Total size: 6.565 GiB (7049016166 Byte)
<---- rclone lsd tpnote2mi: ; rclone size tpnote2mi: #-- 
----> rclone lsd tpnote3mi: ; rclone size tpnote3mi: #-- 
          -1 2023-04-17 12:54:04        -1 2023
Total objects: 1.349k (1349)
Total size: 14.250 MiB (14942041 Byte)
<---- rclone lsd tpnote3mi: ; rclone size tpnote3mi: #-- 
----> rclone lsd y5dnmi: ; rclone size y5dnmi: #-- 
          -1 2021-09-07 11:35:59        -1 4win
          -1 2020-05-28 11:53:10        -1 seowon.data
          -1 2021-08-13 10:53:29        -1 카메라 업로드
Total objects: 278 (278)
Total size: 8.443 GiB (9066044303 Byte)
<---- rclone lsd y5dnmi: ; rclone size y5dnmi: #-- 
----> rclone lsd y5ncmi: ; rclone size y5ncmi: #-- 
          -1 2022-09-10 11:43:16        -1 000-screenShot-스크린샷
          -1 2021-07-24 08:38:06        -1 ddanzi-날짜별-사진갈무리
          -1 2022-08-10 16:52:39        -1 ebooks
          -1 2021-07-12 16:08:21        -1 ksam21
          -1 2021-11-07 15:02:54        -1 linux app rpm
          -1 2023-01-31 23:39:08        -1 market-쇼핑몰구매리스트_list
          -1 2022-12-21 16:22:50        -1 megasync-linux
          -1 2021-11-16 01:24:32        -1 pdf
          -1 2021-11-16 00:28:02        -1 reddit
          -1 2021-07-12 16:00:50        -1 zip-상용-프로그램-사용설명서
          -1 2022-12-31 21:06:27        -1 zz00logs
          -1 2021-06-30 17:20:21        -1 문서
          -1 2020-06-19 07:55:49        -1 배경음악
          -1 2021-03-27 14:02:26        -1 카메라 업로드
Total objects: 3.243k (3243)
Total size: 10.986 GiB (11795891419 Byte)
<---- rclone lsd y5ncmi: ; rclone size y5ncmi: #-- 
----> rclone lsd yosjgc: ; rclone size yosjgc: #-- 
          -1 2019-01-22 21:26:11        -1 Google 포토
          -1 2021-11-29 15:36:04        -1 Life
          -1 2023-03-30 14:24:51        -1 USB
          -1 2023-03-08 16:26:46        -1 hm-data
          -1 2023-03-26 15:16:02        -1 hpscan
          -1 2019-08-04 17:05:24        -1 root
          -1 2022-02-20 18:58:40        -1 sw2021 올바로
          -1 2023-03-30 14:25:03        -1 vbada
          -1 2023-03-27 08:58:55        -1 wikijsdb
          -1 2023-03-08 15:24:57        -1 폰백업
          -1 2021-01-05 13:10:09        -1 현대 공유
2023/04/17 16:09:12 NOTICE: Google drive root '': Size may be underestimated due to 111 objects with unknown size
Total objects: 7.362k (7362)
Total size: 11.416 GiB (12257674180 Byte)
Total objects with unknown size: 111 (111)
<---- rclone lsd yosjgc: ; rclone size yosjgc: #-- 
----> rclone lsd ysw10mi: ; rclone size ysw10mi: #-- 
          -1 2023-04-11 15:04:29        -1 ebooks
Total objects: 69 (69)
Total size: 365.554 MiB (383310781 Byte)
<---- rclone lsd ysw10mi: ; rclone size ysw10mi: #-- 

<<<<<<<<<< rclone-size.sh ||| rclone 사이즈 확인 <<<<<<<<<<
16:09:20월230417 yosj@vFed37 ~/git-projects/fedora-sh/bin-original
bin-original $ 

